
/home/runner/work/exp-specific-yield-open-well-nitk/exp-specific-yield-open-well-nitk/experiment/simulation/js/script.js
     1:10  warning  'navNext' is defined but never used      no-unused-vars
     3:6   warning  'temp' is not defined                    no-undef
     3:13  warning  'temp' is not defined                    no-undef
     3:20  warning  'temp' is not defined                    no-undef
     5:2   warning  Mixed spaces and tabs                    no-mixed-spaces-and-tabs
     6:36  warning  'temp' is not defined                    no-undef
     8:2   warning  'simsubscreennum' is not defined         no-undef
     9:35  warning  'simsubscreennum' is not defined         no-undef
    16:1   warning  Mixed spaces and tabs                    no-mixed-spaces-and-tabs
    23:5   warning  'simsubscreennum' is not defined         no-undef
    27:10  warning  'simsubscreennum' is not defined         no-undef
    38:10  warning  'simsubscreennum' is not defined         no-undef
    51:3   warning  'myInt' is not defined                   no-undef
    53:2   warning  Mixed spaces and tabs                    no-mixed-spaces-and-tabs
    54:2   warning  Mixed spaces and tabs                    no-mixed-spaces-and-tabs
    56:2   warning  Mixed spaces and tabs                    no-mixed-spaces-and-tabs
    57:2   warning  Mixed spaces and tabs                    no-mixed-spaces-and-tabs
    58:2   warning  Mixed spaces and tabs                    no-mixed-spaces-and-tabs
    59:2   warning  Mixed spaces and tabs                    no-mixed-spaces-and-tabs
    60:2   warning  Mixed spaces and tabs                    no-mixed-spaces-and-tabs
    61:2   warning  Mixed spaces and tabs                    no-mixed-spaces-and-tabs
    75:2   warning  Mixed spaces and tabs                    no-mixed-spaces-and-tabs
    77:10  warning  'simsubscreennum' is not defined         no-undef
    83:3   warning  'myInt' is not defined                   no-undef
    85:2   warning  Mixed spaces and tabs                    no-mixed-spaces-and-tabs
    86:2   warning  Mixed spaces and tabs                    no-mixed-spaces-and-tabs
    88:2   warning  Mixed spaces and tabs                    no-mixed-spaces-and-tabs
    89:2   warning  Mixed spaces and tabs                    no-mixed-spaces-and-tabs
    90:2   warning  Mixed spaces and tabs                    no-mixed-spaces-and-tabs
    91:2   warning  Mixed spaces and tabs                    no-mixed-spaces-and-tabs
    92:2   warning  Mixed spaces and tabs                    no-mixed-spaces-and-tabs
    93:2   warning  Mixed spaces and tabs                    no-mixed-spaces-and-tabs
   149:4   warning  'myInt' is not defined                   no-undef
   151:3   warning  Mixed spaces and tabs                    no-mixed-spaces-and-tabs
   152:3   warning  Mixed spaces and tabs                    no-mixed-spaces-and-tabs
   154:3   warning  Mixed spaces and tabs                    no-mixed-spaces-and-tabs
   155:3   warning  Mixed spaces and tabs                    no-mixed-spaces-and-tabs
   156:3   warning  Mixed spaces and tabs                    no-mixed-spaces-and-tabs
   157:3   warning  Mixed spaces and tabs                    no-mixed-spaces-and-tabs
   158:3   warning  Mixed spaces and tabs                    no-mixed-spaces-and-tabs
   159:3   warning  Mixed spaces and tabs                    no-mixed-spaces-and-tabs
   208:5   warning  'myInt' is not defined                   no-undef
   210:4   warning  Mixed spaces and tabs                    no-mixed-spaces-and-tabs
   211:4   warning  Mixed spaces and tabs                    no-mixed-spaces-and-tabs
   213:4   warning  Mixed spaces and tabs                    no-mixed-spaces-and-tabs
   214:4   warning  Mixed spaces and tabs                    no-mixed-spaces-and-tabs
   215:4   warning  Mixed spaces and tabs                    no-mixed-spaces-and-tabs
   216:4   warning  Mixed spaces and tabs                    no-mixed-spaces-and-tabs
   217:4   warning  Mixed spaces and tabs                    no-mixed-spaces-and-tabs
   218:4   warning  Mixed spaces and tabs                    no-mixed-spaces-and-tabs
   266:6   warning  'myInt' is not defined                   no-undef
   268:5   warning  Mixed spaces and tabs                    no-mixed-spaces-and-tabs
   269:5   warning  Mixed spaces and tabs                    no-mixed-spaces-and-tabs
   271:5   warning  Mixed spaces and tabs                    no-mixed-spaces-and-tabs
   272:5   warning  Mixed spaces and tabs                    no-mixed-spaces-and-tabs
   273:5   warning  Mixed spaces and tabs                    no-mixed-spaces-and-tabs
   274:5   warning  Mixed spaces and tabs                    no-mixed-spaces-and-tabs
   275:5   warning  Mixed spaces and tabs                    no-mixed-spaces-and-tabs
   276:5   warning  Mixed spaces and tabs                    no-mixed-spaces-and-tabs
   324:7   warning  'myInt' is not defined                   no-undef
   326:6   warning  Mixed spaces and tabs                    no-mixed-spaces-and-tabs
   327:6   warning  Mixed spaces and tabs                    no-mixed-spaces-and-tabs
   329:6   warning  Mixed spaces and tabs                    no-mixed-spaces-and-tabs
   330:6   warning  Mixed spaces and tabs                    no-mixed-spaces-and-tabs
   331:6   warning  Mixed spaces and tabs                    no-mixed-spaces-and-tabs
   332:6   warning  Mixed spaces and tabs                    no-mixed-spaces-and-tabs
   333:6   warning  Mixed spaces and tabs                    no-mixed-spaces-and-tabs
   334:6   warning  Mixed spaces and tabs                    no-mixed-spaces-and-tabs
   383:7   warning  'myInt' is not defined                   no-undef
   385:6   warning  Mixed spaces and tabs                    no-mixed-spaces-and-tabs
   386:6   warning  Mixed spaces and tabs                    no-mixed-spaces-and-tabs
   388:6   warning  Mixed spaces and tabs                    no-mixed-spaces-and-tabs
   389:6   warning  Mixed spaces and tabs                    no-mixed-spaces-and-tabs
   390:6   warning  Mixed spaces and tabs                    no-mixed-spaces-and-tabs
   391:6   warning  Mixed spaces and tabs                    no-mixed-spaces-and-tabs
   392:6   warning  Mixed spaces and tabs                    no-mixed-spaces-and-tabs
   393:6   warning  Mixed spaces and tabs                    no-mixed-spaces-and-tabs
   442:8   warning  'myInt' is not defined                   no-undef
   444:7   warning  Mixed spaces and tabs                    no-mixed-spaces-and-tabs
   445:7   warning  Mixed spaces and tabs                    no-mixed-spaces-and-tabs
   447:7   warning  Mixed spaces and tabs                    no-mixed-spaces-and-tabs
   448:7   warning  Mixed spaces and tabs                    no-mixed-spaces-and-tabs
   449:7   warning  Mixed spaces and tabs                    no-mixed-spaces-and-tabs
   450:7   warning  Mixed spaces and tabs                    no-mixed-spaces-and-tabs
   451:7   warning  Mixed spaces and tabs                    no-mixed-spaces-and-tabs
   452:7   warning  Mixed spaces and tabs                    no-mixed-spaces-and-tabs
   503:9   warning  'myInt' is not defined                   no-undef
   505:8   warning  Mixed spaces and tabs                    no-mixed-spaces-and-tabs
   506:8   warning  Mixed spaces and tabs                    no-mixed-spaces-and-tabs
   508:8   warning  Mixed spaces and tabs                    no-mixed-spaces-and-tabs
   509:8   warning  Mixed spaces and tabs                    no-mixed-spaces-and-tabs
   510:8   warning  Mixed spaces and tabs                    no-mixed-spaces-and-tabs
   511:8   warning  Mixed spaces and tabs                    no-mixed-spaces-and-tabs
   512:8   warning  Mixed spaces and tabs                    no-mixed-spaces-and-tabs
   513:8   warning  Mixed spaces and tabs                    no-mixed-spaces-and-tabs
   561:10  warning  'myInt' is not defined                   no-undef
   563:9   warning  Mixed spaces and tabs                    no-mixed-spaces-and-tabs
   564:9   warning  Mixed spaces and tabs                    no-mixed-spaces-and-tabs
   566:9   warning  Mixed spaces and tabs                    no-mixed-spaces-and-tabs
   567:9   warning  Mixed spaces and tabs                    no-mixed-spaces-and-tabs
   568:9   warning  Mixed spaces and tabs                    no-mixed-spaces-and-tabs
   569:9   warning  Mixed spaces and tabs                    no-mixed-spaces-and-tabs
   570:9   warning  Mixed spaces and tabs                    no-mixed-spaces-and-tabs
   571:9   warning  Mixed spaces and tabs                    no-mixed-spaces-and-tabs
   620:11  warning  'myInt' is not defined                   no-undef
   622:10  warning  Mixed spaces and tabs                    no-mixed-spaces-and-tabs
   623:10  warning  Mixed spaces and tabs                    no-mixed-spaces-and-tabs
   625:10  warning  Mixed spaces and tabs                    no-mixed-spaces-and-tabs
   626:10  warning  Mixed spaces and tabs                    no-mixed-spaces-and-tabs
   627:10  warning  Mixed spaces and tabs                    no-mixed-spaces-and-tabs
   628:10  warning  Mixed spaces and tabs                    no-mixed-spaces-and-tabs
   629:10  warning  Mixed spaces and tabs                    no-mixed-spaces-and-tabs
   630:10  warning  Mixed spaces and tabs                    no-mixed-spaces-and-tabs
   679:12  warning  'myInt' is not defined                   no-undef
   681:11  warning  Mixed spaces and tabs                    no-mixed-spaces-and-tabs
   682:11  warning  Mixed spaces and tabs                    no-mixed-spaces-and-tabs
   684:11  warning  Mixed spaces and tabs                    no-mixed-spaces-and-tabs
   685:11  warning  Mixed spaces and tabs                    no-mixed-spaces-and-tabs
   686:11  warning  Mixed spaces and tabs                    no-mixed-spaces-and-tabs
   687:11  warning  Mixed spaces and tabs                    no-mixed-spaces-and-tabs
   688:11  warning  Mixed spaces and tabs                    no-mixed-spaces-and-tabs
   689:11  warning  Mixed spaces and tabs                    no-mixed-spaces-and-tabs
   741:13  warning  'myInt' is not defined                   no-undef
   743:12  warning  Mixed spaces and tabs                    no-mixed-spaces-and-tabs
   744:12  warning  Mixed spaces and tabs                    no-mixed-spaces-and-tabs
   746:12  warning  Mixed spaces and tabs                    no-mixed-spaces-and-tabs
   747:12  warning  Mixed spaces and tabs                    no-mixed-spaces-and-tabs
   748:12  warning  Mixed spaces and tabs                    no-mixed-spaces-and-tabs
   749:12  warning  Mixed spaces and tabs                    no-mixed-spaces-and-tabs
   750:12  warning  Mixed spaces and tabs                    no-mixed-spaces-and-tabs
   751:12  warning  Mixed spaces and tabs                    no-mixed-spaces-and-tabs
   800:14  warning  'myInt' is not defined                   no-undef
   802:13  warning  Mixed spaces and tabs                    no-mixed-spaces-and-tabs
   803:13  warning  Mixed spaces and tabs                    no-mixed-spaces-and-tabs
   805:13  warning  Mixed spaces and tabs                    no-mixed-spaces-and-tabs
   806:13  warning  Mixed spaces and tabs                    no-mixed-spaces-and-tabs
   807:13  warning  Mixed spaces and tabs                    no-mixed-spaces-and-tabs
   808:13  warning  Mixed spaces and tabs                    no-mixed-spaces-and-tabs
   809:13  warning  Mixed spaces and tabs                    no-mixed-spaces-and-tabs
   810:13  warning  Mixed spaces and tabs                    no-mixed-spaces-and-tabs
  1031:13  warning  Mixed spaces and tabs                    no-mixed-spaces-and-tabs
  1042:13  warning  Mixed spaces and tabs                    no-mixed-spaces-and-tabs
  1057:12  warning  Mixed spaces and tabs                    no-mixed-spaces-and-tabs
  1068:12  warning  Mixed spaces and tabs                    no-mixed-spaces-and-tabs
  1083:11  warning  Mixed spaces and tabs                    no-mixed-spaces-and-tabs
  1094:11  warning  Mixed spaces and tabs                    no-mixed-spaces-and-tabs
  1108:10  warning  Mixed spaces and tabs                    no-mixed-spaces-and-tabs
  1119:10  warning  Mixed spaces and tabs                    no-mixed-spaces-and-tabs
  1133:9   warning  Mixed spaces and tabs                    no-mixed-spaces-and-tabs
  1144:9   warning  Mixed spaces and tabs                    no-mixed-spaces-and-tabs
  1159:8   warning  Mixed spaces and tabs                    no-mixed-spaces-and-tabs
  1170:8   warning  Mixed spaces and tabs                    no-mixed-spaces-and-tabs
  1185:7   warning  Mixed spaces and tabs                    no-mixed-spaces-and-tabs
  1196:7   warning  Mixed spaces and tabs                    no-mixed-spaces-and-tabs
  1210:6   warning  Mixed spaces and tabs                    no-mixed-spaces-and-tabs
  1221:6   warning  Mixed spaces and tabs                    no-mixed-spaces-and-tabs
  1236:6   warning  Mixed spaces and tabs                    no-mixed-spaces-and-tabs
  1247:6   warning  Mixed spaces and tabs                    no-mixed-spaces-and-tabs
  1264:5   warning  Mixed spaces and tabs                    no-mixed-spaces-and-tabs
  1275:5   warning  Mixed spaces and tabs                    no-mixed-spaces-and-tabs
  1293:4   warning  Mixed spaces and tabs                    no-mixed-spaces-and-tabs
  1304:4   warning  Mixed spaces and tabs                    no-mixed-spaces-and-tabs
  1319:3   warning  Mixed spaces and tabs                    no-mixed-spaces-and-tabs
  1330:3   warning  Mixed spaces and tabs                    no-mixed-spaces-and-tabs
  1337:2   warning  Mixed spaces and tabs                    no-mixed-spaces-and-tabs
  1340:10  warning  'simsubscreennum' is not defined         no-undef
  1388:16  warning  'myInt' is not defined                   no-undef
  1392:11  warning  'showContent' is defined but never used  no-unused-vars
  1395:1   warning  Mixed spaces and tabs                    no-mixed-spaces-and-tabs
  1396:1   warning  Mixed spaces and tabs                    no-mixed-spaces-and-tabs
  1397:1   warning  Mixed spaces and tabs                    no-mixed-spaces-and-tabs
  1398:1   warning  Mixed spaces and tabs                    no-mixed-spaces-and-tabs
  1398:13  warning  'hideContent' is defined but never used  no-unused-vars
  1401:1   warning  Mixed spaces and tabs                    no-mixed-spaces-and-tabs
  1404:1   warning  Mixed spaces and tabs                    no-mixed-spaces-and-tabs
  1407:1   warning  Mixed spaces and tabs                    no-mixed-spaces-and-tabs
  1410:1   warning  Mixed spaces and tabs                    no-mixed-spaces-and-tabs
  1410:4   warning  'clkCount1' is not defined               no-undef
  1411:1   warning  Mixed spaces and tabs                    no-mixed-spaces-and-tabs
  1413:1   warning  Mixed spaces and tabs                    no-mixed-spaces-and-tabs
  1413:13  warning  'checkInput1' is defined but never used  no-unused-vars
  1427:3   warning  'clkCount1' is not defined               no-undef
  1445:7   warning  'clkCount1' is not defined               no-undef
  1450:2   warning  Mixed spaces and tabs                    no-mixed-spaces-and-tabs
  1455:11  warning  'getResult1' is defined but never used   no-unused-vars
  1465:2   warning  Mixed spaces and tabs                    no-mixed-spaces-and-tabs
  1466:2   warning  Mixed spaces and tabs                    no-mixed-spaces-and-tabs
  1467:2   warning  Mixed spaces and tabs                    no-mixed-spaces-and-tabs
  1468:2   warning  Mixed spaces and tabs                    no-mixed-spaces-and-tabs
  1469:2   warning  Mixed spaces and tabs                    no-mixed-spaces-and-tabs
  1471:11  warning  'alert1' is defined but never used       no-unused-vars
  1472:1   warning  Mixed spaces and tabs                    no-mixed-spaces-and-tabs

✖ 192 problems (0 errors, 192 warnings)

